2024-01-27T14:45:21.844+03:00  INFO 907816 --- [token-service] [main] r.a.t.TokenServiceApplication            : Starting TokenServiceApplication using Java 21.0.1 with PID 907816 (/home/abradox/work/BattleBotsPlatform/token-service/target/classes started by abradox in /home/abradox/work/BattleBotsPlatform)
2024-01-27T14:45:21.845+03:00  INFO 907816 --- [token-service] [main] r.a.t.TokenServiceApplication            : No active profile set, falling back to 1 default profile: "default"
2024-01-27T14:45:22.233+03:00  INFO 907816 --- [token-service] [main] .s.d.r.c.RepositoryConfigurationDelegate : Bootstrapping Spring Data JPA repositories in DEFAULT mode.
2024-01-27T14:45:22.295+03:00  INFO 907816 --- [token-service] [main] .s.d.r.c.RepositoryConfigurationDelegate : Finished Spring Data repository scanning in 59 ms. Found 1 JPA repository interface.
2024-01-27T14:45:22.375+03:00  INFO 907816 --- [token-service] [main] o.s.cloud.context.scope.GenericScope     : BeanFactory id=8f8a1408-396d-3943-b5cb-0f5836804b69
2024-01-27T14:45:22.517+03:00  WARN 907816 --- [token-service] [main] trationDelegate$BeanPostProcessorChecker : Bean 'org.springframework.cloud.client.loadbalancer.LoadBalancerAutoConfiguration$LoadBalancerInterceptorConfig' of type [org.springframework.cloud.client.loadbalancer.LoadBalancerAutoConfiguration$LoadBalancerInterceptorConfig] is not eligible for getting processed by all BeanPostProcessors (for example: not eligible for auto-proxying). The currently created BeanPostProcessor [lbRestClientPostProcessor] is declared through a non-static factory method on that class; consider declaring it as static instead.
2024-01-27T14:45:22.520+03:00  WARN 907816 --- [token-service] [main] trationDelegate$BeanPostProcessorChecker : Bean 'org.springframework.cloud.loadbalancer.config.BlockingLoadBalancerClientAutoConfiguration' of type [org.springframework.cloud.loadbalancer.config.BlockingLoadBalancerClientAutoConfiguration] is not eligible for getting processed by all BeanPostProcessors (for example: not eligible for auto-proxying). Is this bean getting eagerly injected into a currently created BeanPostProcessor [lbRestClientPostProcessor]? Check the corresponding BeanPostProcessor declaration and its dependencies.
2024-01-27T14:45:22.522+03:00  WARN 907816 --- [token-service] [main] trationDelegate$BeanPostProcessorChecker : Bean 'org.springframework.cloud.loadbalancer.config.LoadBalancerAutoConfiguration' of type [org.springframework.cloud.loadbalancer.config.LoadBalancerAutoConfiguration] is not eligible for getting processed by all BeanPostProcessors (for example: not eligible for auto-proxying). Is this bean getting eagerly injected into a currently created BeanPostProcessor [lbRestClientPostProcessor]? Check the corresponding BeanPostProcessor declaration and its dependencies.
2024-01-27T14:45:22.526+03:00  WARN 907816 --- [token-service] [main] trationDelegate$BeanPostProcessorChecker : Bean 'org.springframework.cloud.commons.config.CommonsConfigAutoConfiguration' of type [org.springframework.cloud.commons.config.CommonsConfigAutoConfiguration] is not eligible for getting processed by all BeanPostProcessors (for example: not eligible for auto-proxying). Is this bean getting eagerly injected into a currently created BeanPostProcessor [lbRestClientPostProcessor]? Check the corresponding BeanPostProcessor declaration and its dependencies.
2024-01-27T14:45:22.528+03:00  WARN 907816 --- [token-service] [main] trationDelegate$BeanPostProcessorChecker : Bean 'org.springframework.cloud.client.loadbalancer.LoadBalancerDefaultMappingsProviderAutoConfiguration' of type [org.springframework.cloud.client.loadbalancer.LoadBalancerDefaultMappingsProviderAutoConfiguration] is not eligible for getting processed by all BeanPostProcessors (for example: not eligible for auto-proxying). Is this bean getting eagerly injected into a currently created BeanPostProcessor [lbRestClientPostProcessor]? Check the corresponding BeanPostProcessor declaration and its dependencies.
2024-01-27T14:45:22.529+03:00  WARN 907816 --- [token-service] [main] trationDelegate$BeanPostProcessorChecker : Bean 'loadBalancerClientsDefaultsMappingsProvider' of type [org.springframework.cloud.client.loadbalancer.LoadBalancerDefaultMappingsProviderAutoConfiguration$$Lambda/0x00007ff0a8511ea0] is not eligible for getting processed by all BeanPostProcessors (for example: not eligible for auto-proxying). Is this bean getting eagerly injected into a currently created BeanPostProcessor [lbRestClientPostProcessor]? Check the corresponding BeanPostProcessor declaration and its dependencies.
2024-01-27T14:45:22.531+03:00  WARN 907816 --- [token-service] [main] trationDelegate$BeanPostProcessorChecker : Bean 'defaultsBindHandlerAdvisor' of type [org.springframework.cloud.commons.config.DefaultsBindHandlerAdvisor] is not eligible for getting processed by all BeanPostProcessors (for example: not eligible for auto-proxying). Is this bean getting eagerly injected into a currently created BeanPostProcessor [lbRestClientPostProcessor]? Check the corresponding BeanPostProcessor declaration and its dependencies.
2024-01-27T14:45:22.535+03:00  WARN 907816 --- [token-service] [main] trationDelegate$BeanPostProcessorChecker : Bean 'spring.cloud.loadbalancer-org.springframework.cloud.client.loadbalancer.LoadBalancerClientsProperties' of type [org.springframework.cloud.client.loadbalancer.LoadBalancerClientsProperties] is not eligible for getting processed by all BeanPostProcessors (for example: not eligible for auto-proxying). Is this bean getting eagerly injected into a currently created BeanPostProcessor [lbRestClientPostProcessor]? Check the corresponding BeanPostProcessor declaration and its dependencies.
2024-01-27T14:45:22.539+03:00  WARN 907816 --- [token-service] [main] trationDelegate$BeanPostProcessorChecker : Bean 'default.org.springframework.cloud.loadbalancer.config.LoadBalancerAutoConfiguration.LoadBalancerClientSpecification' of type [org.springframework.cloud.loadbalancer.annotation.LoadBalancerClientSpecification] is not eligible for getting processed by all BeanPostProcessors (for example: not eligible for auto-proxying). Is this bean getting eagerly injected into a currently created BeanPostProcessor [lbRestClientPostProcessor]? Check the corresponding BeanPostProcessor declaration and its dependencies.
2024-01-27T14:45:22.541+03:00  WARN 907816 --- [token-service] [main] trationDelegate$BeanPostProcessorChecker : Bean 'default.org.springframework.cloud.loadbalancer.config.BlockingLoadBalancerClientAutoConfiguration.LoadBalancerClientSpecification' of type [org.springframework.cloud.loadbalancer.annotation.LoadBalancerClientSpecification] is not eligible for getting processed by all BeanPostProcessors (for example: not eligible for auto-proxying). Is this bean getting eagerly injected into a currently created BeanPostProcessor [lbRestClientPostProcessor]? Check the corresponding BeanPostProcessor declaration and its dependencies.
2024-01-27T14:45:22.541+03:00  WARN 907816 --- [token-service] [main] trationDelegate$BeanPostProcessorChecker : Bean 'default.org.springframework.cloud.netflix.eureka.loadbalancer.LoadBalancerEurekaAutoConfiguration.LoadBalancerClientSpecification' of type [org.springframework.cloud.loadbalancer.annotation.LoadBalancerClientSpecification] is not eligible for getting processed by all BeanPostProcessors (for example: not eligible for auto-proxying). Is this bean getting eagerly injected into a currently created BeanPostProcessor [lbRestClientPostProcessor]? Check the corresponding BeanPostProcessor declaration and its dependencies.
2024-01-27T14:45:22.542+03:00  WARN 907816 --- [token-service] [main] trationDelegate$BeanPostProcessorChecker : Bean 'loadBalancerClientFactory' of type [org.springframework.cloud.loadbalancer.support.LoadBalancerClientFactory] is not eligible for getting processed by all BeanPostProcessors (for example: not eligible for auto-proxying). Is this bean getting eagerly injected into a currently created BeanPostProcessor [lbRestClientPostProcessor]? Check the corresponding BeanPostProcessor declaration and its dependencies.
2024-01-27T14:45:22.546+03:00  WARN 907816 --- [token-service] [main] trationDelegate$BeanPostProcessorChecker : Bean 'blockingLoadBalancerClient' of type [org.springframework.cloud.loadbalancer.blocking.client.BlockingLoadBalancerClient] is not eligible for getting processed by all BeanPostProcessors (for example: not eligible for auto-proxying). Is this bean getting eagerly injected into a currently created BeanPostProcessor [lbRestClientPostProcessor]? Check the corresponding BeanPostProcessor declaration and its dependencies.
2024-01-27T14:45:22.551+03:00  WARN 907816 --- [token-service] [main] trationDelegate$BeanPostProcessorChecker : Bean 'loadBalancerServiceInstanceCookieTransformer' of type [org.springframework.cloud.loadbalancer.core.LoadBalancerServiceInstanceCookieTransformer] is not eligible for getting processed by all BeanPostProcessors (for example: not eligible for auto-proxying). Is this bean getting eagerly injected into a currently created BeanPostProcessor [lbRestClientPostProcessor]? Check the corresponding BeanPostProcessor declaration and its dependencies.
2024-01-27T14:45:22.552+03:00  WARN 907816 --- [token-service] [main] trationDelegate$BeanPostProcessorChecker : Bean 'xForwarderHeadersTransformer' of type [org.springframework.cloud.loadbalancer.blocking.XForwardedHeadersTransformer] is not eligible for getting processed by all BeanPostProcessors (for example: not eligible for auto-proxying). Is this bean getting eagerly injected into a currently created BeanPostProcessor [lbRestClientPostProcessor]? Check the corresponding BeanPostProcessor declaration and its dependencies.
2024-01-27T14:45:22.552+03:00  WARN 907816 --- [token-service] [main] trationDelegate$BeanPostProcessorChecker : Bean 'org.springframework.cloud.client.loadbalancer.LoadBalancerAutoConfiguration' of type [org.springframework.cloud.client.loadbalancer.LoadBalancerAutoConfiguration] is not eligible for getting processed by all BeanPostProcessors (for example: not eligible for auto-proxying). Is this bean getting eagerly injected into a currently created BeanPostProcessor [lbRestClientPostProcessor]? Check the corresponding BeanPostProcessor declaration and its dependencies.
2024-01-27T14:45:22.553+03:00  WARN 907816 --- [token-service] [main] trationDelegate$BeanPostProcessorChecker : Bean 'loadBalancerRequestFactory' of type [org.springframework.cloud.client.loadbalancer.LoadBalancerRequestFactory] is not eligible for getting processed by all BeanPostProcessors (for example: not eligible for auto-proxying). Is this bean getting eagerly injected into a currently created BeanPostProcessor [lbRestClientPostProcessor]? Check the corresponding BeanPostProcessor declaration and its dependencies.
2024-01-27T14:45:22.554+03:00  WARN 907816 --- [token-service] [main] trationDelegate$BeanPostProcessorChecker : Bean 'loadBalancerInterceptor' of type [org.springframework.cloud.client.loadbalancer.LoadBalancerInterceptor] is not eligible for getting processed by all BeanPostProcessors (for example: not eligible for auto-proxying). Is this bean getting eagerly injected into a currently created BeanPostProcessor [lbRestClientPostProcessor]? Check the corresponding BeanPostProcessor declaration and its dependencies.
2024-01-27T14:45:22.652+03:00  INFO 907816 --- [token-service] [main] o.s.b.w.embedded.tomcat.TomcatWebServer  : Tomcat initialized with port 8083 (http)
2024-01-27T14:45:22.657+03:00  INFO 907816 --- [token-service] [main] o.apache.catalina.core.StandardService   : Starting service [Tomcat]
2024-01-27T14:45:22.657+03:00  INFO 907816 --- [token-service] [main] o.apache.catalina.core.StandardEngine    : Starting Servlet engine: [Apache Tomcat/10.1.17]
2024-01-27T14:45:22.685+03:00  INFO 907816 --- [token-service] [main] o.a.c.c.C.[Tomcat].[localhost].[/]       : Initializing Spring embedded WebApplicationContext
2024-01-27T14:45:22.685+03:00  INFO 907816 --- [token-service] [main] w.s.c.ServletWebServerApplicationContext : Root WebApplicationContext: initialization completed in 821 ms
2024-01-27T14:45:22.833+03:00  INFO 907816 --- [token-service] [main] com.zaxxer.hikari.HikariDataSource       : HikariPool-1 - Starting...
2024-01-27T14:45:24.061+03:00  INFO 907816 --- [token-service] [main] com.zaxxer.hikari.pool.HikariPool        : HikariPool-1 - Added connection org.postgresql.jdbc.PgConnection@4f2544b0
2024-01-27T14:45:24.062+03:00  INFO 907816 --- [token-service] [main] com.zaxxer.hikari.HikariDataSource       : HikariPool-1 - Start completed.
2024-01-27T14:45:24.676+03:00  INFO 907816 --- [token-service] [main] liquibase.database                       : Set default schema name to public
2024-01-27T14:45:25.303+03:00  INFO 907816 --- [token-service] [main] liquibase.changelog                      : Reading from public.databasechangelog
2024-01-27T14:45:26.409+03:00  INFO 907816 --- [token-service] [main] liquibase.ui                             : Database is up to date, no changesets to execute
2024-01-27T14:45:26.517+03:00  INFO 907816 --- [token-service] [main] liquibase.changelog                      : Reading from public.databasechangelog
2024-01-27T14:45:26.631+03:00  INFO 907816 --- [token-service] [main] liquibase.util                           : UPDATE SUMMARY
2024-01-27T14:45:26.631+03:00  INFO 907816 --- [token-service] [main] liquibase.util                           : Run:                          0
2024-01-27T14:45:26.631+03:00  INFO 907816 --- [token-service] [main] liquibase.util                           : Previously run:               3
2024-01-27T14:45:26.631+03:00  INFO 907816 --- [token-service] [main] liquibase.util                           : Filtered out:                 0
2024-01-27T14:45:26.631+03:00  INFO 907816 --- [token-service] [main] liquibase.util                           : -------------------------------
2024-01-27T14:45:26.631+03:00  INFO 907816 --- [token-service] [main] liquibase.util                           : Total change sets:            3
2024-01-27T14:45:26.631+03:00  INFO 907816 --- [token-service] [main] liquibase.util                           : Update summary generated
2024-01-27T14:45:27.186+03:00  INFO 907816 --- [token-service] [main] liquibase.lockservice                    : Successfully released change log lock
2024-01-27T14:45:27.296+03:00  INFO 907816 --- [token-service] [main] liquibase.command                        : Command execution complete
2024-01-27T14:45:27.446+03:00  INFO 907816 --- [token-service] [main] o.hibernate.jpa.internal.util.LogHelper  : HHH000204: Processing PersistenceUnitInfo [name: default]
2024-01-27T14:45:27.465+03:00  INFO 907816 --- [token-service] [main] org.hibernate.Version                    : HHH000412: Hibernate ORM core version 6.4.1.Final
2024-01-27T14:45:27.477+03:00  INFO 907816 --- [token-service] [main] o.h.c.internal.RegionFactoryInitiator    : HHH000026: Second-level cache disabled
2024-01-27T14:45:27.558+03:00  INFO 907816 --- [token-service] [main] o.s.o.j.p.SpringPersistenceUnitInfo      : No LoadTimeWeaver setup: ignoring JPA class transformer
2024-01-27T14:45:27.574+03:00  WARN 907816 --- [token-service] [main] org.hibernate.orm.deprecation            : HHH90000025: PostgreSQLDialect does not need to be specified explicitly using 'hibernate.dialect' (remove the property setting and it will be selected by default)
2024-01-27T14:45:28.100+03:00  INFO 907816 --- [token-service] [main] o.h.e.t.j.p.i.JtaPlatformInitiator       : HHH000489: No JTA platform available (set 'hibernate.transaction.jta.platform' to enable JTA platform integration)
2024-01-27T14:45:28.449+03:00  INFO 907816 --- [token-service] [main] j.LocalContainerEntityManagerFactoryBean : Initialized JPA EntityManagerFactory for persistence unit 'default'
2024-01-27T14:45:28.642+03:00  WARN 907816 --- [token-service] [main] JpaBaseConfiguration$JpaWebConfiguration : spring.jpa.open-in-view is enabled by default. Therefore, database queries may be performed during view rendering. Explicitly configure spring.jpa.open-in-view to disable this warning
2024-01-27T14:45:29.085+03:00  INFO 907816 --- [token-service] [main] DiscoveryClientOptionalArgsConfiguration : Eureka HTTP Client uses RestTemplate.
2024-01-27T14:45:29.103+03:00  WARN 907816 --- [token-service] [main] iguration$LoadBalancerCaffeineWarnLogger : Spring Cloud LoadBalancer is currently working with the default cache. While this cache implementation is useful for development and tests, it's recommended to use Caffeine cache in production.You can switch to using Caffeine cache, by adding it and org.springframework.cache.caffeine.CaffeineCacheManager to the classpath.
2024-01-27T14:45:29.108+03:00  INFO 907816 --- [token-service] [main] o.s.b.a.e.web.EndpointLinksResolver      : Exposing 18 endpoint(s) beneath base path '/actuator'
2024-01-27T14:45:29.149+03:00  INFO 907816 --- [token-service] [main] o.s.c.n.eureka.InstanceInfoFactory       : Setting initial instance status as: STARTING
2024-01-27T14:45:29.164+03:00  INFO 907816 --- [token-service] [main] com.netflix.discovery.DiscoveryClient    : Initializing Eureka in region us-east-1
2024-01-27T14:45:29.165+03:00  INFO 907816 --- [token-service] [main] c.n.d.s.r.aws.ConfigClusterResolver      : Resolving eureka endpoints via configuration
2024-01-27T14:45:29.173+03:00  INFO 907816 --- [token-service] [main] com.netflix.discovery.DiscoveryClient    : Disable delta property : false
2024-01-27T14:45:29.173+03:00  INFO 907816 --- [token-service] [main] com.netflix.discovery.DiscoveryClient    : Single vip registry refresh property : null
2024-01-27T14:45:29.173+03:00  INFO 907816 --- [token-service] [main] com.netflix.discovery.DiscoveryClient    : Force full registry fetch : false
2024-01-27T14:45:29.173+03:00  INFO 907816 --- [token-service] [main] com.netflix.discovery.DiscoveryClient    : Application is null : false
2024-01-27T14:45:29.173+03:00  INFO 907816 --- [token-service] [main] com.netflix.discovery.DiscoveryClient    : Registered Applications size is zero : true
2024-01-27T14:45:29.173+03:00  INFO 907816 --- [token-service] [main] com.netflix.discovery.DiscoveryClient    : Application version is -1: true
2024-01-27T14:45:29.173+03:00  INFO 907816 --- [token-service] [main] com.netflix.discovery.DiscoveryClient    : Getting all instance registry info from the eureka server
2024-01-27T14:45:29.282+03:00  INFO 907816 --- [token-service] [main] com.netflix.discovery.DiscoveryClient    : The response status is 200
2024-01-27T14:45:29.283+03:00  INFO 907816 --- [token-service] [main] com.netflix.discovery.DiscoveryClient    : Starting heartbeat executor: renew interval is: 30
2024-01-27T14:45:29.291+03:00  INFO 907816 --- [token-service] [main] c.n.discovery.InstanceInfoReplicator     : InstanceInfoReplicator onDemand update allowed rate per min is 4
2024-01-27T14:45:29.294+03:00  INFO 907816 --- [token-service] [main] com.netflix.discovery.DiscoveryClient    : Discovery Client initialized at timestamp 1706355929293 with initial instances count: 0
2024-01-27T14:45:29.298+03:00  INFO 907816 --- [token-service] [main] o.s.c.n.e.s.EurekaServiceRegistry        : Registering application TOKEN-SERVICE with eureka with status UP
2024-01-27T14:45:29.298+03:00  INFO 907816 --- [token-service] [main] com.netflix.discovery.DiscoveryClient    : Saw local status change event StatusChangeEvent [timestamp=1706355929298, current=UP, previous=STARTING]
2024-01-27T14:45:29.299+03:00  INFO 907816 --- [token-service] [DiscoveryClient-InstanceInfoReplicator-0] com.netflix.discovery.DiscoveryClient    : DiscoveryClient_TOKEN-SERVICE/192.168.50.150:token-service:86da0e1e-c5b6-4596-a57a-d56dbf21b297: registering service...
2024-01-27T14:45:29.306+03:00  INFO 907816 --- [token-service] [main] o.s.b.w.embedded.tomcat.TomcatWebServer  : Tomcat started on port 8083 (http) with context path ''
2024-01-27T14:45:29.306+03:00  INFO 907816 --- [token-service] [main] .s.c.n.e.s.EurekaAutoServiceRegistration : Updating port to 8083
2024-01-27T14:45:29.314+03:00  INFO 907816 --- [token-service] [main] r.a.t.TokenServiceApplication            : Started TokenServiceApplication in 7.69 seconds (process running for 7.941)
2024-01-27T14:45:29.339+03:00  INFO 907816 --- [token-service] [DiscoveryClient-InstanceInfoReplicator-0] com.netflix.discovery.DiscoveryClient    : DiscoveryClient_TOKEN-SERVICE/192.168.50.150:token-service:86da0e1e-c5b6-4596-a57a-d56dbf21b297 - registration status: 204
2024-01-27T14:45:29.592+03:00  INFO 907816 --- [token-service] [RMI TCP Connection(2)-127.0.0.1] o.a.c.c.C.[Tomcat].[localhost].[/]       : Initializing Spring DispatcherServlet 'dispatcherServlet'
2024-01-27T14:45:29.592+03:00  INFO 907816 --- [token-service] [RMI TCP Connection(2)-127.0.0.1] o.s.web.servlet.DispatcherServlet        : Initializing Servlet 'dispatcherServlet'
2024-01-27T14:45:29.593+03:00  INFO 907816 --- [token-service] [RMI TCP Connection(2)-127.0.0.1] o.s.web.servlet.DispatcherServlet        : Completed initialization in 1 ms
2024-01-27T14:45:59.285+03:00  INFO 907816 --- [token-service] [DiscoveryClient-CacheRefreshExecutor-0] com.netflix.discovery.DiscoveryClient    : Disable delta property : false
2024-01-27T14:45:59.285+03:00  INFO 907816 --- [token-service] [DiscoveryClient-CacheRefreshExecutor-0] com.netflix.discovery.DiscoveryClient    : Single vip registry refresh property : null
2024-01-27T14:45:59.285+03:00  INFO 907816 --- [token-service] [DiscoveryClient-CacheRefreshExecutor-0] com.netflix.discovery.DiscoveryClient    : Force full registry fetch : false
2024-01-27T14:45:59.285+03:00  INFO 907816 --- [token-service] [DiscoveryClient-CacheRefreshExecutor-0] com.netflix.discovery.DiscoveryClient    : Application is null : false
2024-01-27T14:45:59.285+03:00  INFO 907816 --- [token-service] [DiscoveryClient-CacheRefreshExecutor-0] com.netflix.discovery.DiscoveryClient    : Registered Applications size is zero : true
2024-01-27T14:45:59.286+03:00  INFO 907816 --- [token-service] [DiscoveryClient-CacheRefreshExecutor-0] com.netflix.discovery.DiscoveryClient    : Application version is -1: false
2024-01-27T14:45:59.286+03:00  INFO 907816 --- [token-service] [DiscoveryClient-CacheRefreshExecutor-0] com.netflix.discovery.DiscoveryClient    : Getting all instance registry info from the eureka server
2024-01-27T14:45:59.294+03:00  INFO 907816 --- [token-service] [DiscoveryClient-CacheRefreshExecutor-0] com.netflix.discovery.DiscoveryClient    : The response status is 200
2024-01-27T14:46:34.764+03:00  INFO 907816 --- [token-service] [SpringApplicationShutdownHook] o.s.c.n.e.s.EurekaServiceRegistry        : Unregistering application TOKEN-SERVICE with eureka with status DOWN
2024-01-27T14:46:34.764+03:00  INFO 907816 --- [token-service] [SpringApplicationShutdownHook] com.netflix.discovery.DiscoveryClient    : Saw local status change event StatusChangeEvent [timestamp=1706355994764, current=DOWN, previous=UP]
2024-01-27T14:46:34.765+03:00  INFO 907816 --- [token-service] [DiscoveryClient-InstanceInfoReplicator-0] com.netflix.discovery.DiscoveryClient    : DiscoveryClient_TOKEN-SERVICE/192.168.50.150:token-service:86da0e1e-c5b6-4596-a57a-d56dbf21b297: registering service...
2024-01-27T14:46:34.773+03:00  INFO 907816 --- [token-service] [DiscoveryClient-InstanceInfoReplicator-0] com.netflix.discovery.DiscoveryClient    : DiscoveryClient_TOKEN-SERVICE/192.168.50.150:token-service:86da0e1e-c5b6-4596-a57a-d56dbf21b297 - registration status: 204
2024-01-27T14:46:34.773+03:00  INFO 907816 --- [token-service] [SpringApplicationShutdownHook] j.LocalContainerEntityManagerFactoryBean : Closing JPA EntityManagerFactory for persistence unit 'default'
2024-01-27T14:46:34.774+03:00  INFO 907816 --- [token-service] [SpringApplicationShutdownHook] com.zaxxer.hikari.HikariDataSource       : HikariPool-1 - Shutdown initiated...
2024-01-27T14:46:35.861+03:00  INFO 907816 --- [token-service] [SpringApplicationShutdownHook] com.zaxxer.hikari.HikariDataSource       : HikariPool-1 - Shutdown completed.
2024-01-27T14:46:35.863+03:00  INFO 907816 --- [token-service] [SpringApplicationShutdownHook] com.netflix.discovery.DiscoveryClient    : Shutting down DiscoveryClient ...
2024-01-27T14:46:38.864+03:00  INFO 907816 --- [token-service] [SpringApplicationShutdownHook] com.netflix.discovery.DiscoveryClient    : Unregistering ...
2024-01-27T14:46:38.872+03:00  INFO 907816 --- [token-service] [SpringApplicationShutdownHook] com.netflix.discovery.DiscoveryClient    : DiscoveryClient_TOKEN-SERVICE/192.168.50.150:token-service:86da0e1e-c5b6-4596-a57a-d56dbf21b297 - deregister  status: 200
2024-01-27T14:46:38.874+03:00  INFO 907816 --- [token-service] [SpringApplicationShutdownHook] com.netflix.discovery.DiscoveryClient    : Completed shut down of DiscoveryClient
