2024-01-27T14:47:14.354+03:00  INFO 908873 --- [statistic-service] [main] r.a.s.StatisticServiceApplication        : Starting StatisticServiceApplication using Java 21.0.1 with PID 908873 (/home/abradox/work/BattleBotsPlatform/statistic-service/target/classes started by abradox in /home/abradox/work/BattleBotsPlatform)
2024-01-27T14:47:14.355+03:00  INFO 908873 --- [statistic-service] [main] r.a.s.StatisticServiceApplication        : No active profile set, falling back to 1 default profile: "default"
2024-01-27T14:47:14.732+03:00  INFO 908873 --- [statistic-service] [main] .s.d.r.c.RepositoryConfigurationDelegate : Bootstrapping Spring Data JPA repositories in DEFAULT mode.
2024-01-27T14:47:14.792+03:00  INFO 908873 --- [statistic-service] [main] .s.d.r.c.RepositoryConfigurationDelegate : Finished Spring Data repository scanning in 57 ms. Found 3 JPA repository interfaces.
2024-01-27T14:47:14.884+03:00  INFO 908873 --- [statistic-service] [main] o.s.cloud.context.scope.GenericScope     : BeanFactory id=9d6ba1f1-aa68-394f-b437-c2b6e519450c
2024-01-27T14:47:15.033+03:00  WARN 908873 --- [statistic-service] [main] trationDelegate$BeanPostProcessorChecker : Bean 'org.springframework.cloud.client.loadbalancer.LoadBalancerAutoConfiguration$RetryInterceptorAutoConfiguration' of type [org.springframework.cloud.client.loadbalancer.LoadBalancerAutoConfiguration$RetryInterceptorAutoConfiguration] is not eligible for getting processed by all BeanPostProcessors (for example: not eligible for auto-proxying). The currently created BeanPostProcessor [lbRestClientPostProcessor] is declared through a non-static factory method on that class; consider declaring it as static instead.
2024-01-27T14:47:15.035+03:00  WARN 908873 --- [statistic-service] [main] trationDelegate$BeanPostProcessorChecker : Bean 'org.springframework.cloud.loadbalancer.config.BlockingLoadBalancerClientAutoConfiguration' of type [org.springframework.cloud.loadbalancer.config.BlockingLoadBalancerClientAutoConfiguration] is not eligible for getting processed by all BeanPostProcessors (for example: not eligible for auto-proxying). Is this bean getting eagerly injected into a currently created BeanPostProcessor [lbRestClientPostProcessor]? Check the corresponding BeanPostProcessor declaration and its dependencies.
2024-01-27T14:47:15.036+03:00  WARN 908873 --- [statistic-service] [main] trationDelegate$BeanPostProcessorChecker : Bean 'org.springframework.cloud.loadbalancer.config.LoadBalancerAutoConfiguration' of type [org.springframework.cloud.loadbalancer.config.LoadBalancerAutoConfiguration] is not eligible for getting processed by all BeanPostProcessors (for example: not eligible for auto-proxying). Is this bean getting eagerly injected into a currently created BeanPostProcessor [lbRestClientPostProcessor]? Check the corresponding BeanPostProcessor declaration and its dependencies.
2024-01-27T14:47:15.040+03:00  WARN 908873 --- [statistic-service] [main] trationDelegate$BeanPostProcessorChecker : Bean 'org.springframework.cloud.commons.config.CommonsConfigAutoConfiguration' of type [org.springframework.cloud.commons.config.CommonsConfigAutoConfiguration] is not eligible for getting processed by all BeanPostProcessors (for example: not eligible for auto-proxying). Is this bean getting eagerly injected into a currently created BeanPostProcessor [lbRestClientPostProcessor]? Check the corresponding BeanPostProcessor declaration and its dependencies.
2024-01-27T14:47:15.041+03:00  WARN 908873 --- [statistic-service] [main] trationDelegate$BeanPostProcessorChecker : Bean 'org.springframework.cloud.client.loadbalancer.LoadBalancerDefaultMappingsProviderAutoConfiguration' of type [org.springframework.cloud.client.loadbalancer.LoadBalancerDefaultMappingsProviderAutoConfiguration] is not eligible for getting processed by all BeanPostProcessors (for example: not eligible for auto-proxying). Is this bean getting eagerly injected into a currently created BeanPostProcessor [lbRestClientPostProcessor]? Check the corresponding BeanPostProcessor declaration and its dependencies.
2024-01-27T14:47:15.042+03:00  WARN 908873 --- [statistic-service] [main] trationDelegate$BeanPostProcessorChecker : Bean 'loadBalancerClientsDefaultsMappingsProvider' of type [org.springframework.cloud.client.loadbalancer.LoadBalancerDefaultMappingsProviderAutoConfiguration$$Lambda/0x00007f531851e418] is not eligible for getting processed by all BeanPostProcessors (for example: not eligible for auto-proxying). Is this bean getting eagerly injected into a currently created BeanPostProcessor [lbRestClientPostProcessor]? Check the corresponding BeanPostProcessor declaration and its dependencies.
2024-01-27T14:47:15.043+03:00  WARN 908873 --- [statistic-service] [main] trationDelegate$BeanPostProcessorChecker : Bean 'defaultsBindHandlerAdvisor' of type [org.springframework.cloud.commons.config.DefaultsBindHandlerAdvisor] is not eligible for getting processed by all BeanPostProcessors (for example: not eligible for auto-proxying). Is this bean getting eagerly injected into a currently created BeanPostProcessor [lbRestClientPostProcessor]? Check the corresponding BeanPostProcessor declaration and its dependencies.
2024-01-27T14:47:15.047+03:00  WARN 908873 --- [statistic-service] [main] trationDelegate$BeanPostProcessorChecker : Bean 'spring.cloud.loadbalancer-org.springframework.cloud.client.loadbalancer.LoadBalancerClientsProperties' of type [org.springframework.cloud.client.loadbalancer.LoadBalancerClientsProperties] is not eligible for getting processed by all BeanPostProcessors (for example: not eligible for auto-proxying). Is this bean getting eagerly injected into a currently created BeanPostProcessor [lbRestClientPostProcessor]? Check the corresponding BeanPostProcessor declaration and its dependencies.
2024-01-27T14:47:15.050+03:00  WARN 908873 --- [statistic-service] [main] trationDelegate$BeanPostProcessorChecker : Bean 'default.org.springframework.cloud.loadbalancer.config.LoadBalancerAutoConfiguration.LoadBalancerClientSpecification' of type [org.springframework.cloud.loadbalancer.annotation.LoadBalancerClientSpecification] is not eligible for getting processed by all BeanPostProcessors (for example: not eligible for auto-proxying). Is this bean getting eagerly injected into a currently created BeanPostProcessor [lbRestClientPostProcessor]? Check the corresponding BeanPostProcessor declaration and its dependencies.
2024-01-27T14:47:15.051+03:00  WARN 908873 --- [statistic-service] [main] trationDelegate$BeanPostProcessorChecker : Bean 'default.org.springframework.cloud.loadbalancer.config.BlockingLoadBalancerClientAutoConfiguration.LoadBalancerClientSpecification' of type [org.springframework.cloud.loadbalancer.annotation.LoadBalancerClientSpecification] is not eligible for getting processed by all BeanPostProcessors (for example: not eligible for auto-proxying). Is this bean getting eagerly injected into a currently created BeanPostProcessor [lbRestClientPostProcessor]? Check the corresponding BeanPostProcessor declaration and its dependencies.
2024-01-27T14:47:15.051+03:00  WARN 908873 --- [statistic-service] [main] trationDelegate$BeanPostProcessorChecker : Bean 'default.org.springframework.cloud.netflix.eureka.loadbalancer.LoadBalancerEurekaAutoConfiguration.LoadBalancerClientSpecification' of type [org.springframework.cloud.loadbalancer.annotation.LoadBalancerClientSpecification] is not eligible for getting processed by all BeanPostProcessors (for example: not eligible for auto-proxying). Is this bean getting eagerly injected into a currently created BeanPostProcessor [lbRestClientPostProcessor]? Check the corresponding BeanPostProcessor declaration and its dependencies.
2024-01-27T14:47:15.057+03:00  WARN 908873 --- [statistic-service] [main] trationDelegate$BeanPostProcessorChecker : Bean 'loadBalancerClientFactory' of type [org.springframework.cloud.loadbalancer.support.LoadBalancerClientFactory] is not eligible for getting processed by all BeanPostProcessors (for example: not eligible for auto-proxying). Is this bean getting eagerly injected into a currently created BeanPostProcessor [lbRestClientPostProcessor]? Check the corresponding BeanPostProcessor declaration and its dependencies.
2024-01-27T14:47:15.061+03:00  WARN 908873 --- [statistic-service] [main] trationDelegate$BeanPostProcessorChecker : Bean 'blockingLoadBalancerClient' of type [org.springframework.cloud.loadbalancer.blocking.client.BlockingLoadBalancerClient] is not eligible for getting processed by all BeanPostProcessors (for example: not eligible for auto-proxying). Is this bean getting eagerly injected into a currently created BeanPostProcessor [lbRestClientPostProcessor]? Check the corresponding BeanPostProcessor declaration and its dependencies.
2024-01-27T14:47:15.065+03:00  WARN 908873 --- [statistic-service] [main] trationDelegate$BeanPostProcessorChecker : Bean 'loadBalancerServiceInstanceCookieTransformer' of type [org.springframework.cloud.loadbalancer.core.LoadBalancerServiceInstanceCookieTransformer] is not eligible for getting processed by all BeanPostProcessors (for example: not eligible for auto-proxying). Is this bean getting eagerly injected into a currently created BeanPostProcessor [lbRestClientPostProcessor]? Check the corresponding BeanPostProcessor declaration and its dependencies.
2024-01-27T14:47:15.066+03:00  WARN 908873 --- [statistic-service] [main] trationDelegate$BeanPostProcessorChecker : Bean 'xForwarderHeadersTransformer' of type [org.springframework.cloud.loadbalancer.blocking.XForwardedHeadersTransformer] is not eligible for getting processed by all BeanPostProcessors (for example: not eligible for auto-proxying). Is this bean getting eagerly injected into a currently created BeanPostProcessor [lbRestClientPostProcessor]? Check the corresponding BeanPostProcessor declaration and its dependencies.
2024-01-27T14:47:15.067+03:00  WARN 908873 --- [statistic-service] [main] trationDelegate$BeanPostProcessorChecker : Bean 'org.springframework.cloud.client.loadbalancer.LoadBalancerAutoConfiguration' of type [org.springframework.cloud.client.loadbalancer.LoadBalancerAutoConfiguration] is not eligible for getting processed by all BeanPostProcessors (for example: not eligible for auto-proxying). Is this bean getting eagerly injected into a currently created BeanPostProcessor [lbRestClientPostProcessor]? Check the corresponding BeanPostProcessor declaration and its dependencies.
2024-01-27T14:47:15.068+03:00  WARN 908873 --- [statistic-service] [main] trationDelegate$BeanPostProcessorChecker : Bean 'loadBalancerRequestFactory' of type [org.springframework.cloud.client.loadbalancer.LoadBalancerRequestFactory] is not eligible for getting processed by all BeanPostProcessors (for example: not eligible for auto-proxying). Is this bean getting eagerly injected into a currently created BeanPostProcessor [lbRestClientPostProcessor]? Check the corresponding BeanPostProcessor declaration and its dependencies.
2024-01-27T14:47:15.068+03:00  WARN 908873 --- [statistic-service] [main] trationDelegate$BeanPostProcessorChecker : Bean 'org.springframework.cloud.loadbalancer.config.BlockingLoadBalancerClientAutoConfiguration$BlockingLoadBalancerRetryConfig' of type [org.springframework.cloud.loadbalancer.config.BlockingLoadBalancerClientAutoConfiguration$BlockingLoadBalancerRetryConfig$$SpringCGLIB$$0] is not eligible for getting processed by all BeanPostProcessors (for example: not eligible for auto-proxying). Is this bean getting eagerly injected into a currently created BeanPostProcessor [lbRestClientPostProcessor]? Check the corresponding BeanPostProcessor declaration and its dependencies.
2024-01-27T14:47:15.070+03:00  WARN 908873 --- [statistic-service] [main] trationDelegate$BeanPostProcessorChecker : Bean 'loadBalancedRetryFactory' of type [org.springframework.cloud.loadbalancer.blocking.retry.BlockingLoadBalancedRetryFactory] is not eligible for getting processed by all BeanPostProcessors (for example: not eligible for auto-proxying). Is this bean getting eagerly injected into a currently created BeanPostProcessor [lbRestClientPostProcessor]? Check the corresponding BeanPostProcessor declaration and its dependencies.
2024-01-27T14:47:15.072+03:00  WARN 908873 --- [statistic-service] [main] trationDelegate$BeanPostProcessorChecker : Bean 'loadBalancerInterceptor' of type [org.springframework.cloud.client.loadbalancer.RetryLoadBalancerInterceptor] is not eligible for getting processed by all BeanPostProcessors (for example: not eligible for auto-proxying). Is this bean getting eagerly injected into a currently created BeanPostProcessor [lbRestClientPostProcessor]? Check the corresponding BeanPostProcessor declaration and its dependencies.
2024-01-27T14:47:15.178+03:00  INFO 908873 --- [statistic-service] [main] o.s.b.w.embedded.tomcat.TomcatWebServer  : Tomcat initialized with port 8084 (http)
2024-01-27T14:47:15.183+03:00  INFO 908873 --- [statistic-service] [main] o.apache.catalina.core.StandardService   : Starting service [Tomcat]
2024-01-27T14:47:15.183+03:00  INFO 908873 --- [statistic-service] [main] o.apache.catalina.core.StandardEngine    : Starting Servlet engine: [Apache Tomcat/10.1.17]
2024-01-27T14:47:15.203+03:00  INFO 908873 --- [statistic-service] [main] o.a.c.c.C.[Tomcat].[localhost].[/]       : Initializing Spring embedded WebApplicationContext
2024-01-27T14:47:15.204+03:00  INFO 908873 --- [statistic-service] [main] w.s.c.ServletWebServerApplicationContext : Root WebApplicationContext: initialization completed in 828 ms
2024-01-27T14:47:15.347+03:00  INFO 908873 --- [statistic-service] [main] com.zaxxer.hikari.HikariDataSource       : HikariPool-1 - Starting...
2024-01-27T14:47:16.568+03:00  INFO 908873 --- [statistic-service] [main] com.zaxxer.hikari.pool.HikariPool        : HikariPool-1 - Added connection org.postgresql.jdbc.PgConnection@764db16c
2024-01-27T14:47:16.569+03:00  INFO 908873 --- [statistic-service] [main] com.zaxxer.hikari.HikariDataSource       : HikariPool-1 - Start completed.
2024-01-27T14:47:17.160+03:00  INFO 908873 --- [statistic-service] [main] liquibase.database                       : Set default schema name to public
2024-01-27T14:47:17.788+03:00  INFO 908873 --- [statistic-service] [main] liquibase.changelog                      : Reading from public.databasechangelog
2024-01-27T14:47:18.903+03:00  INFO 908873 --- [statistic-service] [main] liquibase.ui                             : Database is up to date, no changesets to execute
2024-01-27T14:47:19.011+03:00  INFO 908873 --- [statistic-service] [main] liquibase.changelog                      : Reading from public.databasechangelog
2024-01-27T14:47:19.125+03:00  INFO 908873 --- [statistic-service] [main] liquibase.util                           : UPDATE SUMMARY
2024-01-27T14:47:19.126+03:00  INFO 908873 --- [statistic-service] [main] liquibase.util                           : Run:                          0
2024-01-27T14:47:19.126+03:00  INFO 908873 --- [statistic-service] [main] liquibase.util                           : Previously run:               9
2024-01-27T14:47:19.126+03:00  INFO 908873 --- [statistic-service] [main] liquibase.util                           : Filtered out:                 0
2024-01-27T14:47:19.126+03:00  INFO 908873 --- [statistic-service] [main] liquibase.util                           : -------------------------------
2024-01-27T14:47:19.126+03:00  INFO 908873 --- [statistic-service] [main] liquibase.util                           : Total change sets:            9
2024-01-27T14:47:19.126+03:00  INFO 908873 --- [statistic-service] [main] liquibase.util                           : Update summary generated
2024-01-27T14:47:19.670+03:00  INFO 908873 --- [statistic-service] [main] liquibase.lockservice                    : Successfully released change log lock
2024-01-27T14:47:19.780+03:00  INFO 908873 --- [statistic-service] [main] liquibase.command                        : Command execution complete
2024-01-27T14:47:19.933+03:00  INFO 908873 --- [statistic-service] [main] o.hibernate.jpa.internal.util.LogHelper  : HHH000204: Processing PersistenceUnitInfo [name: default]
2024-01-27T14:47:19.952+03:00  INFO 908873 --- [statistic-service] [main] org.hibernate.Version                    : HHH000412: Hibernate ORM core version 6.4.1.Final
2024-01-27T14:47:19.966+03:00  INFO 908873 --- [statistic-service] [main] o.h.c.internal.RegionFactoryInitiator    : HHH000026: Second-level cache disabled
2024-01-27T14:47:20.011+03:00  WARN 908873 --- [statistic-service] [main] org.hibernate.orm.deprecation            : HHH90000025: PostgreSQLDialect does not need to be specified explicitly using 'hibernate.dialect' (remove the property setting and it will be selected by default)
2024-01-27T14:47:20.292+03:00  INFO 908873 --- [statistic-service] [main] o.s.o.j.p.SpringPersistenceUnitInfo      : No LoadTimeWeaver setup: ignoring JPA class transformer
2024-01-27T14:47:20.661+03:00  INFO 908873 --- [statistic-service] [main] o.h.e.t.j.p.i.JtaPlatformInitiator       : HHH000489: No JTA platform available (set 'hibernate.transaction.jta.platform' to enable JTA platform integration)
2024-01-27T14:47:21.008+03:00  INFO 908873 --- [statistic-service] [main] j.LocalContainerEntityManagerFactoryBean : Initialized JPA EntityManagerFactory for persistence unit 'default'
2024-01-27T14:47:21.134+03:00  INFO 908873 --- [statistic-service] [main] o.s.d.j.r.query.QueryEnhancerFactory     : Hibernate is in classpath; If applicable, HQL parser will be used.
2024-01-27T14:47:21.565+03:00  WARN 908873 --- [statistic-service] [main] JpaBaseConfiguration$JpaWebConfiguration : spring.jpa.open-in-view is enabled by default. Therefore, database queries may be performed during view rendering. Explicitly configure spring.jpa.open-in-view to disable this warning
2024-01-27T14:47:21.990+03:00  INFO 908873 --- [statistic-service] [main] DiscoveryClientOptionalArgsConfiguration : Eureka HTTP Client uses RestTemplate.
2024-01-27T14:47:22.012+03:00  WARN 908873 --- [statistic-service] [main] iguration$LoadBalancerCaffeineWarnLogger : Spring Cloud LoadBalancer is currently working with the default cache. While this cache implementation is useful for development and tests, it's recommended to use Caffeine cache in production.You can switch to using Caffeine cache, by adding it and org.springframework.cache.caffeine.CaffeineCacheManager to the classpath.
2024-01-27T14:47:22.017+03:00  INFO 908873 --- [statistic-service] [main] o.s.b.a.e.web.EndpointLinksResolver      : Exposing 18 endpoint(s) beneath base path '/actuator'
2024-01-27T14:47:22.093+03:00  INFO 908873 --- [statistic-service] [main] o.s.c.n.eureka.InstanceInfoFactory       : Setting initial instance status as: STARTING
2024-01-27T14:47:22.109+03:00  INFO 908873 --- [statistic-service] [main] com.netflix.discovery.DiscoveryClient    : Initializing Eureka in region us-east-1
2024-01-27T14:47:22.111+03:00  INFO 908873 --- [statistic-service] [main] c.n.d.s.r.aws.ConfigClusterResolver      : Resolving eureka endpoints via configuration
2024-01-27T14:47:22.119+03:00  INFO 908873 --- [statistic-service] [main] com.netflix.discovery.DiscoveryClient    : Disable delta property : false
2024-01-27T14:47:22.119+03:00  INFO 908873 --- [statistic-service] [main] com.netflix.discovery.DiscoveryClient    : Single vip registry refresh property : null
2024-01-27T14:47:22.119+03:00  INFO 908873 --- [statistic-service] [main] com.netflix.discovery.DiscoveryClient    : Force full registry fetch : false
2024-01-27T14:47:22.119+03:00  INFO 908873 --- [statistic-service] [main] com.netflix.discovery.DiscoveryClient    : Application is null : false
2024-01-27T14:47:22.119+03:00  INFO 908873 --- [statistic-service] [main] com.netflix.discovery.DiscoveryClient    : Registered Applications size is zero : true
2024-01-27T14:47:22.119+03:00  INFO 908873 --- [statistic-service] [main] com.netflix.discovery.DiscoveryClient    : Application version is -1: true
2024-01-27T14:47:22.119+03:00  INFO 908873 --- [statistic-service] [main] com.netflix.discovery.DiscoveryClient    : Getting all instance registry info from the eureka server
2024-01-27T14:47:22.243+03:00  INFO 908873 --- [statistic-service] [main] com.netflix.discovery.DiscoveryClient    : The response status is 200
2024-01-27T14:47:22.244+03:00  INFO 908873 --- [statistic-service] [main] com.netflix.discovery.DiscoveryClient    : Starting heartbeat executor: renew interval is: 30
2024-01-27T14:47:22.246+03:00  INFO 908873 --- [statistic-service] [main] c.n.discovery.InstanceInfoReplicator     : InstanceInfoReplicator onDemand update allowed rate per min is 4
2024-01-27T14:47:22.248+03:00  INFO 908873 --- [statistic-service] [main] com.netflix.discovery.DiscoveryClient    : Discovery Client initialized at timestamp 1706356042247 with initial instances count: 1
2024-01-27T14:47:22.252+03:00  INFO 908873 --- [statistic-service] [main] o.s.c.n.e.s.EurekaServiceRegistry        : Registering application STATISTIC-SERVICE with eureka with status UP
2024-01-27T14:47:22.253+03:00  INFO 908873 --- [statistic-service] [main] com.netflix.discovery.DiscoveryClient    : Saw local status change event StatusChangeEvent [timestamp=1706356042252, current=UP, previous=STARTING]
2024-01-27T14:47:22.253+03:00  INFO 908873 --- [statistic-service] [DiscoveryClient-InstanceInfoReplicator-0] com.netflix.discovery.DiscoveryClient    : DiscoveryClient_STATISTIC-SERVICE/192.168.50.150:statistic-service:0f54cdcf-4a6b-4f9f-a3e8-36088609223e: registering service...
2024-01-27T14:47:22.261+03:00  INFO 908873 --- [statistic-service] [main] o.s.b.w.embedded.tomcat.TomcatWebServer  : Tomcat started on port 8084 (http) with context path ''
2024-01-27T14:47:22.261+03:00  INFO 908873 --- [statistic-service] [main] .s.c.n.e.s.EurekaAutoServiceRegistration : Updating port to 8084
2024-01-27T14:47:22.263+03:00  INFO 908873 --- [statistic-service] [main] o.s.a.r.c.CachingConnectionFactory       : Attempting to connect to: [82.97.244.140:5672]
2024-01-27T14:47:22.274+03:00  INFO 908873 --- [statistic-service] [DiscoveryClient-InstanceInfoReplicator-0] com.netflix.discovery.DiscoveryClient    : DiscoveryClient_STATISTIC-SERVICE/192.168.50.150:statistic-service:0f54cdcf-4a6b-4f9f-a3e8-36088609223e - registration status: 204
2024-01-27T14:47:22.707+03:00  INFO 908873 --- [statistic-service] [main] o.s.a.r.c.CachingConnectionFactory       : Created new connection: rabbitConnectionFactory#6a72d301:0/SimpleConnection@66c162a5 [delegate=amqp://gen_user@82.97.244.140:5672/default_vhost, localPort=55078]
2024-01-27T14:47:23.594+03:00  INFO 908873 --- [statistic-service] [main] r.a.s.StatisticServiceApplication        : Started StatisticServiceApplication in 9.467 seconds (process running for 9.729)
2024-01-27T14:47:24.014+03:00  INFO 908873 --- [statistic-service] [RMI TCP Connection(2)-127.0.0.1] o.a.c.c.C.[Tomcat].[localhost].[/]       : Initializing Spring DispatcherServlet 'dispatcherServlet'
2024-01-27T14:47:24.014+03:00  INFO 908873 --- [statistic-service] [RMI TCP Connection(2)-127.0.0.1] o.s.web.servlet.DispatcherServlet        : Initializing Servlet 'dispatcherServlet'
2024-01-27T14:47:24.015+03:00  INFO 908873 --- [statistic-service] [RMI TCP Connection(2)-127.0.0.1] o.s.web.servlet.DispatcherServlet        : Completed initialization in 1 ms
2024-01-27T14:47:24.756+03:00  INFO 908873 --- [statistic-service] [scheduling-1] r.a.s.service.impl.RoundServiceImpl      : Пропущен PROD раунд 0319ea34-74da-482e-9224-3417167d24e7 так как отсутствует одно из подключений
2024-01-27T14:47:24.756+03:00  INFO 908873 --- [statistic-service] [scheduling-1] r.a.s.service.impl.RoundServiceImpl      : Пропущен PROD раунд 14cd1d43-6d20-48d2-b46c-2fb57b601d0a так как отсутствует одно из подключений
2024-01-27T14:47:24.756+03:00  INFO 908873 --- [statistic-service] [scheduling-1] r.a.s.service.impl.RoundServiceImpl      : Пропущен PROD раунд e12434b0-245a-4279-996f-3af4c16c1fad так как отсутствует одно из подключений
2024-01-27T14:47:35.737+03:00  INFO 908873 --- [statistic-service] [scheduling-1] r.a.s.service.impl.RoundServiceImpl      : Пропущен PROD раунд b9e2ad87-fc7e-4b53-ae52-8b8d21e6f8ba так как отсутствует одно из подключений
2024-01-27T14:47:35.738+03:00  INFO 908873 --- [statistic-service] [scheduling-1] r.a.s.service.impl.RoundServiceImpl      : Пропущен PROD раунд d4619ca7-abf9-4f8f-bfec-84a0c7efb15b так как отсутствует одно из подключений
2024-01-27T14:47:35.738+03:00  INFO 908873 --- [statistic-service] [scheduling-1] r.a.s.service.impl.RoundServiceImpl      : Пропущен PROD раунд ba8fa76a-bc6e-4464-bb73-d2aef37f5754 так как отсутствует одно из подключений
2024-01-27T14:47:46.725+03:00  INFO 908873 --- [statistic-service] [scheduling-1] r.a.s.service.impl.RoundServiceImpl      : Пропущен PROD раунд c0883ec8-18dc-4e76-9ecd-42a32024ca81 так как отсутствует одно из подключений
2024-01-27T14:47:46.725+03:00  INFO 908873 --- [statistic-service] [scheduling-1] r.a.s.service.impl.RoundServiceImpl      : Пропущен PROD раунд 6ff39f47-7c2f-46e8-9711-a63362e955b0 так как отсутствует одно из подключений
2024-01-27T14:47:46.725+03:00  INFO 908873 --- [statistic-service] [scheduling-1] r.a.s.service.impl.RoundServiceImpl      : Пропущен PROD раунд 21e348c8-cd2d-4d14-bf33-5797cdc15277 так как отсутствует одно из подключений
2024-01-27T14:48:27.274+03:00  INFO 908873 --- [statistic-service] [scheduling-1] r.a.s.service.impl.RoundServiceImpl      : Успешно создано новое соревнование, включающее 30 раундов
2024-01-27T14:48:35.672+03:00  INFO 908873 --- [statistic-service] [scheduling-1] r.a.s.service.impl.RoundServiceImpl      : Пропущен PROD раунд 53587171-0bc6-49ed-a240-4e0b15a8fe70 так как отсутствует одно из подключений
2024-01-27T14:48:35.673+03:00  INFO 908873 --- [statistic-service] [scheduling-1] r.a.s.service.impl.RoundServiceImpl      : Пропущен PROD раунд 3d206adc-8b48-4180-8517-0a8e4b067a6b так как отсутствует одно из подключений
2024-01-27T14:48:35.673+03:00  INFO 908873 --- [statistic-service] [scheduling-1] r.a.s.service.impl.RoundServiceImpl      : Пропущен PROD раунд b2ef49dc-ecff-4cbb-abb1-902da6d34457 так как отсутствует одно из подключений
2024-01-27T14:48:46.650+03:00  INFO 908873 --- [statistic-service] [scheduling-1] r.a.s.service.impl.RoundServiceImpl      : Пропущен PROD раунд ca573580-9c77-4975-8234-d9a070cb5be6 так как отсутствует одно из подключений
2024-01-27T14:48:46.650+03:00  INFO 908873 --- [statistic-service] [scheduling-1] r.a.s.service.impl.RoundServiceImpl      : Пропущен PROD раунд 8b9ad34e-f3f3-4bde-a49f-f5fea23f0665 так как отсутствует одно из подключений
2024-01-27T14:48:46.650+03:00  INFO 908873 --- [statistic-service] [scheduling-1] r.a.s.service.impl.RoundServiceImpl      : Пропущен PROD раунд e2c153cb-6d11-427f-9362-d88da1a42a6d так как отсутствует одно из подключений
2024-01-27T14:48:57.626+03:00  INFO 908873 --- [statistic-service] [scheduling-1] r.a.s.service.impl.RoundServiceImpl      : Пропущен PROD раунд 2432f92f-88e8-42ba-a709-5f79c8e33d1c так как отсутствует одно из подключений
2024-01-27T14:48:57.626+03:00  INFO 908873 --- [statistic-service] [scheduling-1] r.a.s.service.impl.RoundServiceImpl      : Пропущен PROD раунд 43239e90-0a33-41d5-85bd-77693768ab0b так как отсутствует одно из подключений
2024-01-27T14:48:57.626+03:00  INFO 908873 --- [statistic-service] [scheduling-1] r.a.s.service.impl.RoundServiceImpl      : Пропущен PROD раунд aa572ef4-89b5-456e-a765-ed0d66dafca6 так как отсутствует одно из подключений
2024-01-27T14:49:08.725+03:00  INFO 908873 --- [statistic-service] [scheduling-1] r.a.s.service.impl.RoundServiceImpl      : Пропущен PROD раунд 26d970cd-bde4-4efa-b453-e28af2f51b19 так как отсутствует одно из подключений
2024-01-27T14:49:08.725+03:00  INFO 908873 --- [statistic-service] [scheduling-1] r.a.s.service.impl.RoundServiceImpl      : Пропущен PROD раунд bef17ae1-2464-46db-a02d-32fbdff86a75 так как отсутствует одно из подключений
2024-01-27T14:49:08.726+03:00  INFO 908873 --- [statistic-service] [scheduling-1] r.a.s.service.impl.RoundServiceImpl      : Пропущен PROD раунд 5853d58e-3c91-46d7-b461-7d5f94df409d так как отсутствует одно из подключений
2024-01-27T14:49:19.695+03:00  INFO 908873 --- [statistic-service] [scheduling-1] r.a.s.service.impl.RoundServiceImpl      : Пропущен PROD раунд 8d80c98c-a5f9-4b1e-b51f-83d0ccf24c03 так как отсутствует одно из подключений
2024-01-27T14:49:19.695+03:00  INFO 908873 --- [statistic-service] [scheduling-1] r.a.s.service.impl.RoundServiceImpl      : Пропущен PROD раунд 064cbf08-195f-4ca1-bb9c-d25f70e32113 так как отсутствует одно из подключений
2024-01-27T14:49:19.695+03:00  INFO 908873 --- [statistic-service] [scheduling-1] r.a.s.service.impl.RoundServiceImpl      : Пропущен PROD раунд 3ac01240-2b87-428b-9c4a-5b5ed6e464ae так как отсутствует одно из подключений
2024-01-27T14:49:30.776+03:00  INFO 908873 --- [statistic-service] [scheduling-1] r.a.s.service.impl.RoundServiceImpl      : Пропущен PROD раунд e363cc56-e984-49a5-b543-9f2da6c66269 так как отсутствует одно из подключений
2024-01-27T14:49:30.776+03:00  INFO 908873 --- [statistic-service] [scheduling-1] r.a.s.service.impl.RoundServiceImpl      : Пропущен PROD раунд 17a5f0fe-f8ef-49e3-972c-808cda0c6893 так как отсутствует одно из подключений
2024-01-27T14:49:30.776+03:00  INFO 908873 --- [statistic-service] [scheduling-1] r.a.s.service.impl.RoundServiceImpl      : Пропущен PROD раунд 9d8694cc-6f52-4782-a477-fe843ae83f66 так как отсутствует одно из подключений
2024-01-27T14:49:41.866+03:00  INFO 908873 --- [statistic-service] [scheduling-1] r.a.s.service.impl.RoundServiceImpl      : Пропущен PROD раунд 38c4fd64-31f1-48a3-9936-7dff4d8d69f4 так как отсутствует одно из подключений
2024-01-27T14:49:41.866+03:00  INFO 908873 --- [statistic-service] [scheduling-1] r.a.s.service.impl.RoundServiceImpl      : Пропущен PROD раунд 95754e22-60d4-4b36-b0e8-cf73934aa27d так как отсутствует одно из подключений
2024-01-27T14:49:41.867+03:00  INFO 908873 --- [statistic-service] [scheduling-1] r.a.s.service.impl.RoundServiceImpl      : Пропущен PROD раунд 461930e0-b837-4f9b-a9df-23cb3715128c так как отсутствует одно из подключений
2024-01-27T14:49:52.948+03:00  INFO 908873 --- [statistic-service] [scheduling-1] r.a.s.service.impl.RoundServiceImpl      : Пропущен PROD раунд 79aead1a-891b-41b7-8a2a-17948e829d09 так как отсутствует одно из подключений
2024-01-27T14:49:52.948+03:00  INFO 908873 --- [statistic-service] [scheduling-1] r.a.s.service.impl.RoundServiceImpl      : Пропущен PROD раунд f7e919cf-67f3-4b52-9bd8-4fbacf706a42 так как отсутствует одно из подключений
2024-01-27T14:49:52.948+03:00  INFO 908873 --- [statistic-service] [scheduling-1] r.a.s.service.impl.RoundServiceImpl      : Пропущен PROD раунд cc12dc45-0dd0-49ba-8330-9f26fbef7526 так как отсутствует одно из подключений
2024-01-27T14:50:04.025+03:00  INFO 908873 --- [statistic-service] [scheduling-1] r.a.s.service.impl.RoundServiceImpl      : Пропущен PROD раунд f8f697ac-5c5f-472d-8d58-b60163ca1339 так как отсутствует одно из подключений
2024-01-27T14:50:04.026+03:00  INFO 908873 --- [statistic-service] [scheduling-1] r.a.s.service.impl.RoundServiceImpl      : Пропущен PROD раунд f76063e2-03fa-4704-8a43-469d159d3bf5 так как отсутствует одно из подключений
2024-01-27T14:50:04.026+03:00  INFO 908873 --- [statistic-service] [scheduling-1] r.a.s.service.impl.RoundServiceImpl      : Пропущен PROD раунд 6461afb7-ef13-4b11-9027-d9ba4368a0a5 так как отсутствует одно из подключений
2024-01-27T14:50:15.101+03:00  INFO 908873 --- [statistic-service] [scheduling-1] r.a.s.service.impl.RoundServiceImpl      : Пропущен PROD раунд 7a9fa370-09c4-468e-b9e8-a8b0db95df37 так как отсутствует одно из подключений
2024-01-27T14:50:15.102+03:00  INFO 908873 --- [statistic-service] [scheduling-1] r.a.s.service.impl.RoundServiceImpl      : Пропущен PROD раунд 319b225e-0622-4188-ae7f-4d7037245c55 так как отсутствует одно из подключений
2024-01-27T14:50:15.102+03:00  INFO 908873 --- [statistic-service] [scheduling-1] r.a.s.service.impl.RoundServiceImpl      : Пропущен PROD раунд e978f01c-d1e6-444b-b843-f03fd17b61a8 так как отсутствует одно из подключений
2024-01-27T14:50:36.664+03:00  INFO 908873 --- [statistic-service] [scheduling-1] r.a.s.service.impl.RoundServiceImpl      : Успешно создано новое соревнование, включающее 30 раундов
2024-01-27T14:50:44.181+03:00  INFO 908873 --- [statistic-service] [scheduling-1] r.a.s.service.impl.RoundServiceImpl      : Пропущен PROD раунд 647bc6bb-899d-4210-9855-58c21be7305d так как отсутствует одно из подключений
2024-01-27T14:50:44.181+03:00  INFO 908873 --- [statistic-service] [scheduling-1] r.a.s.service.impl.RoundServiceImpl      : Пропущен PROD раунд 0274a482-fa1a-4ec4-a7f2-1757acd56fe6 так как отсутствует одно из подключений
2024-01-27T14:50:44.181+03:00  INFO 908873 --- [statistic-service] [scheduling-1] r.a.s.service.impl.RoundServiceImpl      : Пропущен PROD раунд 7256914f-2685-4092-ad9b-1f9d5c0db050 так как отсутствует одно из подключений
2024-01-27T14:50:55.259+03:00  INFO 908873 --- [statistic-service] [scheduling-1] r.a.s.service.impl.RoundServiceImpl      : Пропущен PROD раунд 38cf5aef-2cb5-4a83-8b5f-9c6aeba96ae6 так как отсутствует одно из подключений
2024-01-27T14:50:55.259+03:00  INFO 908873 --- [statistic-service] [scheduling-1] r.a.s.service.impl.RoundServiceImpl      : Пропущен PROD раунд 786411bb-465c-42a8-85b3-7335c7fe2165 так как отсутствует одно из подключений
2024-01-27T14:50:55.259+03:00  INFO 908873 --- [statistic-service] [scheduling-1] r.a.s.service.impl.RoundServiceImpl      : Пропущен PROD раунд 3a323497-ff56-449e-8667-78416f45a28e так как отсутствует одно из подключений
2024-01-27T14:51:06.336+03:00  INFO 908873 --- [statistic-service] [scheduling-1] r.a.s.service.impl.RoundServiceImpl      : Пропущен PROD раунд 75b11b20-5563-4d8e-a10e-7603a002df04 так как отсутствует одно из подключений
2024-01-27T14:51:06.337+03:00  INFO 908873 --- [statistic-service] [scheduling-1] r.a.s.service.impl.RoundServiceImpl      : Пропущен PROD раунд 3b4e5660-1222-4f45-a33e-ad7b60e3db10 так как отсутствует одно из подключений
2024-01-27T14:51:06.337+03:00  INFO 908873 --- [statistic-service] [scheduling-1] r.a.s.service.impl.RoundServiceImpl      : Пропущен PROD раунд eb4518d2-1e35-4125-a4b5-f6fe1fb2a7f5 так как отсутствует одно из подключений
2024-01-27T14:51:17.419+03:00  INFO 908873 --- [statistic-service] [scheduling-1] r.a.s.service.impl.RoundServiceImpl      : Пропущен PROD раунд 5ae37d01-5150-495b-8532-94fa1ea85766 так как отсутствует одно из подключений
2024-01-27T14:51:17.420+03:00  INFO 908873 --- [statistic-service] [scheduling-1] r.a.s.service.impl.RoundServiceImpl      : Пропущен PROD раунд 4e2c36b1-e512-45a2-b742-89afeced89ab так как отсутствует одно из подключений
2024-01-27T14:51:17.420+03:00  INFO 908873 --- [statistic-service] [scheduling-1] r.a.s.service.impl.RoundServiceImpl      : Пропущен PROD раунд 074a5e45-e513-4f84-8758-9b00e31b3343 так как отсутствует одно из подключений
2024-01-27T14:51:28.398+03:00  INFO 908873 --- [statistic-service] [scheduling-1] r.a.s.service.impl.RoundServiceImpl      : Пропущен PROD раунд 680d1949-cd9b-42b6-aa54-e21620fd4720 так как отсутствует одно из подключений
2024-01-27T14:51:28.398+03:00  INFO 908873 --- [statistic-service] [scheduling-1] r.a.s.service.impl.RoundServiceImpl      : Пропущен PROD раунд bf23de2e-b991-4a3f-a2ea-3af12772639c так как отсутствует одно из подключений
2024-01-27T14:51:28.398+03:00  INFO 908873 --- [statistic-service] [scheduling-1] r.a.s.service.impl.RoundServiceImpl      : Пропущен PROD раунд b133b464-e80e-4d64-8ee4-442cfe6bee87 так как отсутствует одно из подключений
2024-01-27T14:51:39.472+03:00  INFO 908873 --- [statistic-service] [scheduling-1] r.a.s.service.impl.RoundServiceImpl      : Пропущен PROD раунд cd59160b-ca90-4695-b4f4-9188f7ee7f18 так как отсутствует одно из подключений
2024-01-27T14:51:39.472+03:00  INFO 908873 --- [statistic-service] [scheduling-1] r.a.s.service.impl.RoundServiceImpl      : Пропущен PROD раунд 10c4cd2a-21ee-48a0-9a62-d0879fa75a2d так как отсутствует одно из подключений
2024-01-27T14:51:39.472+03:00  INFO 908873 --- [statistic-service] [scheduling-1] r.a.s.service.impl.RoundServiceImpl      : Пропущен PROD раунд c8580464-f9a3-4656-8902-6cc8f2dd7130 так как отсутствует одно из подключений
2024-01-27T14:51:50.548+03:00  INFO 908873 --- [statistic-service] [scheduling-1] r.a.s.service.impl.RoundServiceImpl      : Пропущен PROD раунд 0716e32d-1535-4e92-b125-1d26ae9ed369 так как отсутствует одно из подключений
2024-01-27T14:51:50.548+03:00  INFO 908873 --- [statistic-service] [scheduling-1] r.a.s.service.impl.RoundServiceImpl      : Пропущен PROD раунд e4676dc7-f097-4323-81d3-77d9e9e516c2 так как отсутствует одно из подключений
2024-01-27T14:51:50.549+03:00  INFO 908873 --- [statistic-service] [scheduling-1] r.a.s.service.impl.RoundServiceImpl      : Пропущен PROD раунд 61496b52-71f3-4666-8966-665de6d2c71a так как отсутствует одно из подключений
2024-01-27T14:52:01.629+03:00  INFO 908873 --- [statistic-service] [scheduling-1] r.a.s.service.impl.RoundServiceImpl      : Пропущен PROD раунд 73f0f10f-1499-4d24-9548-9b3c17e00a53 так как отсутствует одно из подключений
2024-01-27T14:52:01.629+03:00  INFO 908873 --- [statistic-service] [scheduling-1] r.a.s.service.impl.RoundServiceImpl      : Пропущен PROD раунд 36722829-c514-40ff-8e72-04c2194022a7 так как отсутствует одно из подключений
2024-01-27T14:52:01.629+03:00  INFO 908873 --- [statistic-service] [scheduling-1] r.a.s.service.impl.RoundServiceImpl      : Пропущен PROD раунд 462ca2c1-ebf3-4fa4-b48e-d7c2f4111ac5 так как отсутствует одно из подключений
2024-01-27T14:52:12.708+03:00  INFO 908873 --- [statistic-service] [scheduling-1] r.a.s.service.impl.RoundServiceImpl      : Пропущен PROD раунд 560dbd02-e213-4390-a147-9b0001514d8b так как отсутствует одно из подключений
2024-01-27T14:52:12.709+03:00  INFO 908873 --- [statistic-service] [scheduling-1] r.a.s.service.impl.RoundServiceImpl      : Пропущен PROD раунд d84ab10f-9b45-48f6-a614-f43403c1d392 так как отсутствует одно из подключений
2024-01-27T14:52:12.709+03:00  INFO 908873 --- [statistic-service] [scheduling-1] r.a.s.service.impl.RoundServiceImpl      : Пропущен PROD раунд 2656bbee-5c74-4996-a610-897a239468b1 так как отсутствует одно из подключений
2024-01-27T14:52:22.120+03:00  INFO 908873 --- [statistic-service] [AsyncResolver-bootstrap-executor-0] c.n.d.s.r.aws.ConfigClusterResolver      : Resolving eureka endpoints via configuration
2024-01-27T14:52:23.786+03:00  INFO 908873 --- [statistic-service] [scheduling-1] r.a.s.service.impl.RoundServiceImpl      : Пропущен PROD раунд 436bb4db-f37e-44bc-ab1d-7b6f2a55c0c1 так как отсутствует одно из подключений
2024-01-27T14:52:23.786+03:00  INFO 908873 --- [statistic-service] [scheduling-1] r.a.s.service.impl.RoundServiceImpl      : Пропущен PROD раунд e602ca20-3fca-4ea0-a530-f9a28b97208c так как отсутствует одно из подключений
2024-01-27T14:52:23.786+03:00  INFO 908873 --- [statistic-service] [scheduling-1] r.a.s.service.impl.RoundServiceImpl      : Пропущен PROD раунд 35ccfc13-6c06-4a9e-bc5a-d1178d7470ce так как отсутствует одно из подключений
2024-01-27T14:52:45.797+03:00  INFO 908873 --- [statistic-service] [scheduling-1] r.a.s.service.impl.RoundServiceImpl      : Успешно создано новое соревнование, включающее 30 раундов
2024-01-27T14:52:52.991+03:00  INFO 908873 --- [statistic-service] [scheduling-1] r.a.s.service.impl.RoundServiceImpl      : Пропущен PROD раунд 17dee974-8eef-41d6-a7ad-65823be68916 так как отсутствует одно из подключений
2024-01-27T14:52:52.991+03:00  INFO 908873 --- [statistic-service] [scheduling-1] r.a.s.service.impl.RoundServiceImpl      : Пропущен PROD раунд 173f6713-3ad5-4735-92f3-f3199f6c43e0 так как отсутствует одно из подключений
2024-01-27T14:52:52.991+03:00  INFO 908873 --- [statistic-service] [scheduling-1] r.a.s.service.impl.RoundServiceImpl      : Пропущен PROD раунд 5df16ac3-764b-4a08-b2a2-0d77352b8fc8 так как отсутствует одно из подключений
2024-01-27T14:53:04.066+03:00  INFO 908873 --- [statistic-service] [scheduling-1] r.a.s.service.impl.RoundServiceImpl      : Пропущен PROD раунд b7f9e129-6dc0-4af5-841d-8cb7a5cf4dbb так как отсутствует одно из подключений
2024-01-27T14:53:04.067+03:00  INFO 908873 --- [statistic-service] [scheduling-1] r.a.s.service.impl.RoundServiceImpl      : Пропущен PROD раунд a366a1ed-c0e2-4932-9747-31fdb63e3aba так как отсутствует одно из подключений
2024-01-27T14:53:04.067+03:00  INFO 908873 --- [statistic-service] [scheduling-1] r.a.s.service.impl.RoundServiceImpl      : Пропущен PROD раунд 11f6eeb7-b0f0-463a-9bbf-5270b9cd635d так как отсутствует одно из подключений
2024-01-27T14:53:15.155+03:00  INFO 908873 --- [statistic-service] [scheduling-1] r.a.s.service.impl.RoundServiceImpl      : Пропущен PROD раунд c9184cf9-e755-43d6-b571-92a74a55bd88 так как отсутствует одно из подключений
2024-01-27T14:53:15.155+03:00  INFO 908873 --- [statistic-service] [scheduling-1] r.a.s.service.impl.RoundServiceImpl      : Пропущен PROD раунд 82acf13d-f86a-4add-94e6-0572745fe54c так как отсутствует одно из подключений
2024-01-27T14:53:15.155+03:00  INFO 908873 --- [statistic-service] [scheduling-1] r.a.s.service.impl.RoundServiceImpl      : Пропущен PROD раунд 074a2728-f0a7-4a0c-80bc-77535eaf3823 так как отсутствует одно из подключений
2024-01-27T14:53:26.231+03:00  INFO 908873 --- [statistic-service] [scheduling-1] r.a.s.service.impl.RoundServiceImpl      : Пропущен PROD раунд 8123455e-d2a4-4ebd-af22-9b9f74d5f2e0 так как отсутствует одно из подключений
2024-01-27T14:53:26.231+03:00  INFO 908873 --- [statistic-service] [scheduling-1] r.a.s.service.impl.RoundServiceImpl      : Пропущен PROD раунд 98f22995-ddc0-47c3-88e0-3909aaa5ee76 так как отсутствует одно из подключений
2024-01-27T14:53:26.231+03:00  INFO 908873 --- [statistic-service] [scheduling-1] r.a.s.service.impl.RoundServiceImpl      : Пропущен PROD раунд 00feb883-eb1e-44f6-8883-a68a997c63a9 так как отсутствует одно из подключений
2024-01-27T14:53:37.313+03:00  INFO 908873 --- [statistic-service] [scheduling-1] r.a.s.service.impl.RoundServiceImpl      : Пропущен PROD раунд caf5d947-eb25-412a-867d-cbe31c6ba930 так как отсутствует одно из подключений
2024-01-27T14:53:37.313+03:00  INFO 908873 --- [statistic-service] [scheduling-1] r.a.s.service.impl.RoundServiceImpl      : Пропущен PROD раунд 509aca04-f539-4dde-ad6c-2746cf1744d9 так как отсутствует одно из подключений
2024-01-27T14:53:37.313+03:00  INFO 908873 --- [statistic-service] [scheduling-1] r.a.s.service.impl.RoundServiceImpl      : Пропущен PROD раунд 245c4995-c3ac-4a0a-a3ad-7f112e72b4d5 так как отсутствует одно из подключений
2024-01-27T14:53:48.281+03:00  INFO 908873 --- [statistic-service] [scheduling-1] r.a.s.service.impl.RoundServiceImpl      : Пропущен PROD раунд 119a5edd-0a33-4434-948c-2b11c88b1bd2 так как отсутствует одно из подключений
2024-01-27T14:53:48.282+03:00  INFO 908873 --- [statistic-service] [scheduling-1] r.a.s.service.impl.RoundServiceImpl      : Пропущен PROD раунд 953fb369-4fdf-4940-be38-810e5acb1745 так как отсутствует одно из подключений
2024-01-27T14:53:48.282+03:00  INFO 908873 --- [statistic-service] [scheduling-1] r.a.s.service.impl.RoundServiceImpl      : Пропущен PROD раунд c84c0457-2ffa-441b-ba25-44863fff0ffe так как отсутствует одно из подключений
2024-01-27T14:53:59.362+03:00  INFO 908873 --- [statistic-service] [scheduling-1] r.a.s.service.impl.RoundServiceImpl      : Пропущен PROD раунд 83d07cda-2867-4e5e-8a34-018b95e16fbe так как отсутствует одно из подключений
2024-01-27T14:53:59.362+03:00  INFO 908873 --- [statistic-service] [scheduling-1] r.a.s.service.impl.RoundServiceImpl      : Пропущен PROD раунд 73f70ed8-df29-44b6-a1ec-66c8b6ce2a32 так как отсутствует одно из подключений
2024-01-27T14:53:59.362+03:00  INFO 908873 --- [statistic-service] [scheduling-1] r.a.s.service.impl.RoundServiceImpl      : Пропущен PROD раунд 74932878-b8e9-4974-852e-67c11e415133 так как отсутствует одно из подключений
2024-01-27T14:54:10.436+03:00  INFO 908873 --- [statistic-service] [scheduling-1] r.a.s.service.impl.RoundServiceImpl      : Пропущен PROD раунд b8500c7b-b609-4b20-ae88-d097b6515f3e так как отсутствует одно из подключений
2024-01-27T14:54:10.437+03:00  INFO 908873 --- [statistic-service] [scheduling-1] r.a.s.service.impl.RoundServiceImpl      : Пропущен PROD раунд a882e5c7-dd8e-49cb-9e7d-5737fb1ba337 так как отсутствует одно из подключений
2024-01-27T14:54:10.437+03:00  INFO 908873 --- [statistic-service] [scheduling-1] r.a.s.service.impl.RoundServiceImpl      : Пропущен PROD раунд d70519c9-e278-46e3-b062-f3a2c2523896 так как отсутствует одно из подключений
2024-01-27T14:54:21.513+03:00  INFO 908873 --- [statistic-service] [scheduling-1] r.a.s.service.impl.RoundServiceImpl      : Пропущен PROD раунд 2a8deb91-a98b-4d0b-afe5-1dbb7ea12184 так как отсутствует одно из подключений
2024-01-27T14:54:21.513+03:00  INFO 908873 --- [statistic-service] [scheduling-1] r.a.s.service.impl.RoundServiceImpl      : Пропущен PROD раунд 4843b4ab-f1c2-4817-9ad1-dbb5d46f84c3 так как отсутствует одно из подключений
2024-01-27T14:54:21.513+03:00  INFO 908873 --- [statistic-service] [scheduling-1] r.a.s.service.impl.RoundServiceImpl      : Пропущен PROD раунд f83d308d-43d8-43b3-a5ed-1bfc7db9b6b7 так как отсутствует одно из подключений
2024-01-27T14:54:32.586+03:00  INFO 908873 --- [statistic-service] [scheduling-1] r.a.s.service.impl.RoundServiceImpl      : Пропущен PROD раунд 0e51e061-bb59-477e-8089-e6f0d38ac036 так как отсутствует одно из подключений
2024-01-27T14:54:32.586+03:00  INFO 908873 --- [statistic-service] [scheduling-1] r.a.s.service.impl.RoundServiceImpl      : Пропущен PROD раунд 1e1a0de4-6113-4706-a44b-280b9e39d80f так как отсутствует одно из подключений
2024-01-27T14:54:32.587+03:00  INFO 908873 --- [statistic-service] [scheduling-1] r.a.s.service.impl.RoundServiceImpl      : Пропущен PROD раунд 63435c17-2bd2-4136-8752-a9c9cad99552 так как отсутствует одно из подключений
